app/build/outputs/logs/manifest-merger-debug-report.txt
-- Merging decision tree log ---
manifest
ADDED from src\main\AndroidManifest.xml:22:1-3596:12
	package
		ADDED from src\main\AndroidManifest.xml:22:11-45
		INJECTED from src\main\AndroidManifest.xml
		INJECTED from src\main\AndroidManifest.xml
	xmlns:android
		ADDED from src\main\AndroidManifest.xml:23:11-69
uses-permission#android.permission.READ_CONTACTS
ADDED from src\main\AndroidManifest.xml:25:5-71
	android:name
		ADDED from src\main\AndroidManifest.xml:25:22-69
uses-permission#android.permission.WRITE_CONTACTS
ADDED from src\main\AndroidManifest.xml:26:5-72
	android:name
		ADDED from src\main\AndroidManifest.xml:26:22-70
uses-permission#android.permission.VIBRATE
ADDED from src\main\AndroidManifest.xml:27:5-65
	android:name
		ADDED from src\main\AndroidManifest.xml:27:22-63
uses-permission#android.permission.ACCESS_COARSE_LOCATION
ADDED from src\main\AndroidManifest.xml:28:5-80
	android:name
		ADDED from src\main\AndroidManifest.xml:28:22-78
uses-permission#android.permission.INTERNET
ADDED from src\main\AndroidManifest.xml:29:5-66
	android:name
		ADDED from src\main\AndroidManifest.xml:29:22-64
uses-permission#android.permission.SET_WALLPAPER
ADDED from src\main\AndroidManifest.xml:30:5-71
	android:name
		ADDED from src\main\AndroidManifest.xml:30:22-69
uses-permission#android.permission.WRITE_EXTERNAL_STORAGE
ADDED from src\main\AndroidManifest.xml:31:5-80
	android:name
		ADDED from src\main\AndroidManifest.xml:31:22-78
uses-permission#android.permission.SEND_SMS
ADDED from src\main\AndroidManifest.xml:32:5-66
	android:name
		ADDED from src\main\AndroidManifest.xml:32:22-64
uses-permission#android.permission.RECEIVE_SMS
ADDED from src\main\AndroidManifest.xml:33:5-69
	android:name
		ADDED from src\main\AndroidManifest.xml:33:22-67
uses-permission#android.permission.NFC
ADDED from src\main\AndroidManifest.xml:34:5-61
	android:name
		ADDED from src\main\AndroidManifest.xml:34:22-59
uses-permission#android.permission.TRANSMIT_IR
ADDED from src\main\AndroidManifest.xml:35:5-69
	android:name
		ADDED from src\main\AndroidManifest.xml:35:22-67
uses-permission#android.permission.RECORD_AUDIO
ADDED from src\main\AndroidManifest.xml:38:5-70
	android:name
		ADDED from src\main\AndroidManifest.xml:38:22-68
uses-sdk
ADDED from src\main\AndroidManifest.xml:40:5-42:40
	android:targetSdkVersion
		ADDED from src\main\AndroidManifest.xml:42:9-38
		INJECTED from src\main\AndroidManifest.xml
		INJECTED from src\main\AndroidManifest.xml
	android:minSdkVersion
		ADDED from src\main\AndroidManifest.xml:41:9-34
		INJECTED from src\main\AndroidManifest.xml
		INJECTED from src\main\AndroidManifest.xml
uses-permission#android.permission.CAMERA
ADDED from src\main\AndroidManifest.xml:46:5-64
	android:name
		ADDED from src\main\AndroidManifest.xml:46:22-62
uses-feature#android.hardware.camera
ADDED from src\main\AndroidManifest.xml:48:5-59
	android:name
		ADDED from src\main\AndroidManifest.xml:48:19-57
uses-feature#android.hardware.camera.autofocus
ADDED from src\main\AndroidManifest.xml:49:5-51:35
	android:required
		ADDED from src\main\AndroidManifest.xml:51:9-33
	android:name
		ADDED from src\main\AndroidManifest.xml:50:9-57
application
ADDED from src\main\AndroidManifest.xml:53:5-3589:19
	android:label
		ADDED from src\main\AndroidManifest.xml:57:9-53
	android:supportsRtl
		ADDED from src\main\AndroidManifest.xml:58:9-35
	android:hardwareAccelerated
		ADDED from src\main\AndroidManifest.xml:55:9-43
	android:icon
		ADDED from src\main\AndroidManifest.xml:56:9-49
	android:name
		ADDED from src\main\AndroidManifest.xml:54:9-43
uses-library#com.example.will.never.exist
ADDED from src\main\AndroidManifest.xml:62:9-64:39
	android:required
		ADDED from src\main\AndroidManifest.xml:64:13-37
	android:name
		ADDED from src\main\AndroidManifest.xml:63:13-56
activity#com.example.android.apis.ApiDemos
ADDED from src\main\AndroidManifest.xml:66:9-73:20
	android:name
		ADDED from src\main\AndroidManifest.xml:66:19-42
intent-filter#android.intent.action.MAIN+android.intent.category.DEFAULT+android.intent.category.LAUNCHER
ADDED from src\main\AndroidManifest.xml:67:13-72:29
action#android.intent.action.MAIN
ADDED from src\main\AndroidManifest.xml:68:17-68
	android:name
		ADDED from src\main\AndroidManifest.xml:68:25-66
category#android.intent.category.DEFAULT
ADDED from src\main\AndroidManifest.xml:70:17-75
	android:name
		ADDED from src\main\AndroidManifest.xml:70:27-73
category#android.intent.category.LAUNCHER
ADDED from src\main\AndroidManifest.xml:71:17-76
	android:name
		ADDED from src\main\AndroidManifest.xml:71:27-74
activity#com.example.android.apis.app.HelloWorld
ADDED from src\main\AndroidManifest.xml:81:9-88:20
	android:label
		ADDED from src\main\AndroidManifest.xml:83:13-57
	android:name
		ADDED from src\main\AndroidManifest.xml:82:13-43
intent-filter#android.intent.action.MAIN+android.intent.category.SAMPLE_CODE
ADDED from src\main\AndroidManifest.xml:84:13-87:29
category#android.intent.category.SAMPLE_CODE
ADDED from src\main\AndroidManifest.xml:86:17-79
	android:name
		ADDED from src\main\AndroidManifest.xml:86:27-77
activity#com.example.android.apis.app.DialogActivity
ADDED from src\main\AndroidManifest.xml:90:9-98:20
	android:label
		ADDED from src\main\AndroidManifest.xml:92:13-52
	android:theme
		ADDED from src\main\AndroidManifest.xml:93:13-61
	android:name
		ADDED from src\main\AndroidManifest.xml:91:13-47
activity#com.example.android.apis.app.CustomDialogActivity
ADDED from src\main\AndroidManifest.xml:100:9-108:20
	android:label
		ADDED from src\main\AndroidManifest.xml:102:13-59
	android:theme
		ADDED from src\main\AndroidManifest.xml:103:13-54
	android:name
		ADDED from src\main\AndroidManifest.xml:101:13-53
activity#com.example.android.apis.app.OverscanActivity
ADDED from src\main\AndroidManifest.xml:110:9-119:20
	android:enabled
		ADDED from src\main\AndroidManifest.xml:112:13-56
	android:label
		ADDED from src\main\AndroidManifest.xml:113:13-54
	android:theme
		ADDED from src\main\AndroidManifest.xml:114:13-75
	android:name
		ADDED from src\main\AndroidManifest.xml:111:13-49
activity#com.example.android.apis.app.QuickContactsDemo
ADDED from src\main\AndroidManifest.xml:121:9-128:20
	android:label
		ADDED from src\main\AndroidManifest.xml:123:13-56
	android:name
		ADDED from src\main\AndroidManifest.xml:122:13-50
activity#com.example.android.apis.app.WallpaperActivity
ADDED from src\main\AndroidManifest.xml:130:9-138:20
	android:label
		ADDED from src\main\AndroidManifest.xml:132:13-55
	android:theme
		ADDED from src\main\AndroidManifest.xml:133:13-51
	android:name
		ADDED from src\main\AndroidManifest.xml:131:13-50
activity#com.example.android.apis.app.TranslucentActivity
ADDED from src\main\AndroidManifest.xml:140:9-148:20
	android:label
		ADDED from src\main\AndroidManifest.xml:142:13-57
	android:theme
		ADDED from src\main\AndroidManifest.xml:143:13-53
	android:name
		ADDED from src\main\AndroidManifest.xml:141:13-52
activity#com.example.android.apis.app.TranslucentBlurActivity
ADDED from src\main\AndroidManifest.xml:150:9-158:20
	android:label
		ADDED from src\main\AndroidManifest.xml:152:13-62
	android:theme
		ADDED from src\main\AndroidManifest.xml:153:13-53
	android:name
		ADDED from src\main\AndroidManifest.xml:151:13-56
activity#com.example.android.apis.app.Animation
ADDED from src\main\AndroidManifest.xml:160:9-167:20
	android:label
		ADDED from src\main\AndroidManifest.xml:162:13-55
	android:name
		ADDED from src\main\AndroidManifest.xml:161:13-42
activity#com.example.android.apis.app.SaveRestoreState
ADDED from src\main\AndroidManifest.xml:169:9-177:20
	android:label
		ADDED from src\main\AndroidManifest.xml:171:13-58
	android:windowSoftInputMode
		ADDED from src\main\AndroidManifest.xml:172:13-68
	android:name
		ADDED from src\main\AndroidManifest.xml:170:13-49
activity#com.example.android.apis.app.PersistentState
ADDED from src\main\AndroidManifest.xml:179:9-187:20
	android:label
		ADDED from src\main\AndroidManifest.xml:181:13-56
	android:windowSoftInputMode
		ADDED from src\main\AndroidManifest.xml:182:13-68
	android:name
		ADDED from src\main\AndroidManifest.xml:180:13-48
activity#com.example.android.apis.app.ActivityRecreate
ADDED from src\main\AndroidManifest.xml:189:9-197:20
	android:enabled
		ADDED from src\main\AndroidManifest.xml:191:13-53
	android:label
		ADDED from src\main\AndroidManifest.xml:192:13-54
	android:name
		ADDED from src\main\AndroidManifest.xml:190:13-49
activity#com.example.android.apis.app.FinishAffinity
ADDED from src\main\AndroidManifest.xml:199:9-208:20
	android:enabled
		ADDED from src\main\AndroidManifest.xml:201:13-53
	android:label
		ADDED from src\main\AndroidManifest.xml:202:13-61
	android:taskAffinity
		ADDED from src\main\AndroidManifest.xml:203:13-46
	android:name
		ADDED from src\main\AndroidManifest.xml:200:13-47
activity#com.example.android.apis.app.SoftInputModes
ADDED from src\main\AndroidManifest.xml:210:9-217:20
	android:label
		ADDED from src\main\AndroidManifest.xml:212:13-53
	android:name
		ADDED from src\main\AndroidManifest.xml:211:13-47
activity#com.example.android.apis.app.ReceiveResult
ADDED from src\main\AndroidManifest.xml:219:9-226:20
	android:label
		ADDED from src\main\AndroidManifest.xml:221:13-60
	android:name
		ADDED from src\main\AndroidManifest.xml:220:13-46
activity#com.example.android.apis.app.SendResult
ADDED from src\main\AndroidManifest.xml:228:9-231:20
	android:theme
		ADDED from src\main\AndroidManifest.xml:230:13-56
	android:name
		ADDED from src\main\AndroidManifest.xml:229:13-43
activity#com.example.android.apis.app.Forwarding
ADDED from src\main\AndroidManifest.xml:233:9-240:20
	android:label
		ADDED from src\main\AndroidManifest.xml:235:13-56
	android:name
		ADDED from src\main\AndroidManifest.xml:234:13-43
activity#com.example.android.apis.app.ForwardTarget
ADDED from src\main\AndroidManifest.xml:242:9-243:20
	android:name
		ADDED from src\main\AndroidManifest.xml:242:19-52
activity#com.example.android.apis.app.RedirectEnter
ADDED from src\main\AndroidManifest.xml:245:9-252:20
	android:label
		ADDED from src\main\AndroidManifest.xml:247:13-54
	android:name
		ADDED from src\main\AndroidManifest.xml:246:13-46
activity#com.example.android.apis.app.RedirectMain
ADDED from src\main\AndroidManifest.xml:254:9-255:20
	android:name
		ADDED from src\main\AndroidManifest.xml:254:19-51
activity#com.example.android.apis.app.RedirectGetter
ADDED from src\main\AndroidManifest.xml:257:9-258:20
	android:name
		ADDED from src\main\AndroidManifest.xml:257:19-53
activity#com.example.android.apis.app.CustomTitle
ADDED from src\main\AndroidManifest.xml:262:9-271:20
	android:label
		ADDED from src\main\AndroidManifest.xml:264:13-58
	android:windowSoftInputMode
		ADDED from src\main\AndroidManifest.xml:266:13-65
	android:theme
		ADDED from src\main\AndroidManifest.xml:265:13-49
	android:name
		ADDED from src\main\AndroidManifest.xml:263:13-44
activity#com.example.android.apis.app.ReorderOnLaunch
ADDED from src\main\AndroidManifest.xml:273:9-280:20
	android:label
		ADDED from src\main\AndroidManifest.xml:275:13-53
	android:name
		ADDED from src\main\AndroidManifest.xml:274:13-48
activity#com.example.android.apis.app.RotationAnimation
ADDED from src\main\AndroidManifest.xml:282:9-289:20
	android:label
		ADDED from src\main\AndroidManifest.xml:284:13-64
	android:name
		ADDED from src\main\AndroidManifest.xml:283:13-50
activity#com.example.android.apis.app.ReorderTwo
ADDED from src\main\AndroidManifest.xml:291:9-51
	android:name
		ADDED from src\main\AndroidManifest.xml:291:19-49
activity#com.example.android.apis.app.ReorderThree
ADDED from src\main\AndroidManifest.xml:292:9-53
	android:name
		ADDED from src\main\AndroidManifest.xml:292:19-51
activity#com.example.android.apis.app.ReorderFour
ADDED from src\main\AndroidManifest.xml:293:9-52
	android:name
		ADDED from src\main\AndroidManifest.xml:293:19-50
activity#com.example.android.apis.app.SetWallpaperActivity
ADDED from src\main\AndroidManifest.xml:295:9-302:20
	android:label
		ADDED from src\main\AndroidManifest.xml:297:13-58
	android:name
		ADDED from src\main\AndroidManifest.xml:296:13-53
activity#com.example.android.apis.app.ScreenOrientation
ADDED from src\main\AndroidManifest.xml:304:9-311:20
	android:label
		ADDED from src\main\AndroidManifest.xml:306:13-64
	android:name
		ADDED from src\main\AndroidManifest.xml:305:13-50
activity#com.example.android.apis.app.PresentationActivity
ADDED from src\main\AndroidManifest.xml:313:9-320:20
	android:label
		ADDED from src\main\AndroidManifest.xml:315:13-58
	android:name
		ADDED from src\main\AndroidManifest.xml:314:13-53
activity#com.example.android.apis.app.PresentationWithMediaRouterActivity
ADDED from src\main\AndroidManifest.xml:322:9-329:20
	android:label
		ADDED from src\main\AndroidManifest.xml:324:13-76
	android:name
		ADDED from src\main\AndroidManifest.xml:323:13-68
activity#com.example.android.apis.app.SecureWindowActivity
ADDED from src\main\AndroidManifest.xml:331:9-338:20
	android:label
		ADDED from src\main\AndroidManifest.xml:333:13-59
	android:name
		ADDED from src\main\AndroidManifest.xml:332:13-53
activity#com.example.android.apis.app.SecureDialogActivity
ADDED from src\main\AndroidManifest.xml:340:9-347:20
	android:label
		ADDED from src\main\AndroidManifest.xml:342:13-59
	android:name
		ADDED from src\main\AndroidManifest.xml:341:13-53
activity#com.example.android.apis.app.SecureSurfaceViewActivity
ADDED from src\main\AndroidManifest.xml:349:9-356:20
	android:label
		ADDED from src\main\AndroidManifest.xml:351:13-65
	android:name
		ADDED from src\main\AndroidManifest.xml:350:13-58
activity#com.example.android.apis.app.FragmentAlertDialog
ADDED from src\main\AndroidManifest.xml:360:9-368:20
	android:enabled
		ADDED from src\main\AndroidManifest.xml:362:13-53
	android:label
		ADDED from src\main\AndroidManifest.xml:363:13-58
	android:name
		ADDED from src\main\AndroidManifest.xml:361:13-52
activity#com.example.android.apis.app.FragmentArguments
ADDED from src\main\AndroidManifest.xml:370:9-378:20
	android:enabled
		ADDED from src\main\AndroidManifest.xml:372:13-53
	android:label
		ADDED from src\main\AndroidManifest.xml:373:13-55
	android:name
		ADDED from src\main\AndroidManifest.xml:371:13-50
activity#com.example.android.apis.app.FragmentCustomAnimations
ADDED from src\main\AndroidManifest.xml:380:9-388:20
	android:enabled
		ADDED from src\main\AndroidManifest.xml:382:13-56
	android:label
		ADDED from src\main\AndroidManifest.xml:383:13-63
	android:name
		ADDED from src\main\AndroidManifest.xml:381:13-57
activity#com.example.android.apis.app.FragmentHideShow
ADDED from src\main\AndroidManifest.xml:390:9-399:20
	android:enabled
		ADDED from src\main\AndroidManifest.xml:392:13-53
	android:label
		ADDED from src\main\AndroidManifest.xml:393:13-55
	android:windowSoftInputMode
		ADDED from src\main\AndroidManifest.xml:394:13-57
	android:name
		ADDED from src\main\AndroidManifest.xml:391:13-49
activity#com.example.android.apis.app.FragmentContextMenu
ADDED from src\main\AndroidManifest.xml:401:9-409:20
	android:enabled
		ADDED from src\main\AndroidManifest.xml:403:13-53
	android:label
		ADDED from src\main\AndroidManifest.xml:404:13-58
	android:name
		ADDED from src\main\AndroidManifest.xml:402:13-52
activity#com.example.android.apis.app.FragmentDialog
ADDED from src\main\AndroidManifest.xml:411:9-419:20
	android:enabled
		ADDED from src\main\AndroidManifest.xml:413:13-53
	android:label
		ADDED from src\main\AndroidManifest.xml:414:13-52
	android:name
		ADDED from src\main\AndroidManifest.xml:412:13-47
activity#com.example.android.apis.app.FragmentDialogOrActivity
ADDED from src\main\AndroidManifest.xml:421:9-429:20
	android:enabled
		ADDED from src\main\AndroidManifest.xml:423:13-53
	android:label
		ADDED from src\main\AndroidManifest.xml:424:13-64
	android:name
		ADDED from src\main\AndroidManifest.xml:422:13-57
activity#com.example.android.apis.app.FragmentLayout
ADDED from src\main\AndroidManifest.xml:431:9-439:20
	android:enabled
		ADDED from src\main\AndroidManifest.xml:433:13-53
	android:label
		ADDED from src\main\AndroidManifest.xml:434:13-52
	android:name
		ADDED from src\main\AndroidManifest.xml:432:13-47
activity#com.example.android.apis.app.FragmentLayout$DetailsActivity
ADDED from src\main\AndroidManifest.xml:441:9-443:55
	android:enabled
		ADDED from src\main\AndroidManifest.xml:443:13-53
	android:name
		ADDED from src\main\AndroidManifest.xml:442:13-63
activity#com.example.android.apis.app.FragmentListArray
ADDED from src\main\AndroidManifest.xml:445:9-453:20
	android:enabled
		ADDED from src\main\AndroidManifest.xml:447:13-53
	android:label
		ADDED from src\main\AndroidManifest.xml:448:13-56
	android:name
		ADDED from src\main\AndroidManifest.xml:446:13-50
activity#com.example.android.apis.app.FragmentMenu
ADDED from src\main\AndroidManifest.xml:455:9-463:20
	android:enabled
		ADDED from src\main\AndroidManifest.xml:457:13-53
	android:label
		ADDED from src\main\AndroidManifest.xml:458:13-50
	android:name
		ADDED from src\main\AndroidManifest.xml:456:13-45
activity#com.example.android.apis.app.FragmentNestingTabs
ADDED from src\main\AndroidManifest.xml:465:9-473:20
	android:enabled
		ADDED from src\main\AndroidManifest.xml:467:13-56
	android:label
		ADDED from src\main\AndroidManifest.xml:468:13-58
	android:name
		ADDED from src\main\AndroidManifest.xml:466:13-52
activity#com.example.android.apis.app.FragmentRetainInstance
ADDED from src\main\AndroidManifest.xml:475:9-483:20
	android:enabled
		ADDED from src\main\AndroidManifest.xml:477:13-53
	android:label
		ADDED from src\main\AndroidManifest.xml:478:13-61
	android:name
		ADDED from src\main\AndroidManifest.xml:476:13-55
activity#com.example.android.apis.app.FragmentReceiveResult
ADDED from src\main\AndroidManifest.xml:485:9-493:20
	android:enabled
		ADDED from src\main\AndroidManifest.xml:487:13-53
	android:label
		ADDED from src\main\AndroidManifest.xml:488:13-60
	android:name
		ADDED from src\main\AndroidManifest.xml:486:13-54
activity#com.example.android.apis.app.FragmentStack
ADDED from src\main\AndroidManifest.xml:495:9-503:20
	android:enabled
		ADDED from src\main\AndroidManifest.xml:497:13-53
	android:label
		ADDED from src\main\AndroidManifest.xml:498:13-51
	android:name
		ADDED from src\main\AndroidManifest.xml:496:13-46
activity#com.example.android.apis.app.FragmentTabs
ADDED from src\main\AndroidManifest.xml:505:9-513:20
	android:enabled
		ADDED from src\main\AndroidManifest.xml:507:13-53
	android:label
		ADDED from src\main\AndroidManifest.xml:508:13-50
	android:name
		ADDED from src\main\AndroidManifest.xml:506:13-45
activity#com.example.android.apis.app.LoaderCursor
ADDED from src\main\AndroidManifest.xml:517:9-525:20
	android:enabled
		ADDED from src\main\AndroidManifest.xml:519:13-53
	android:label
		ADDED from src\main\AndroidManifest.xml:520:13-50
	android:name
		ADDED from src\main\AndroidManifest.xml:518:13-45
activity#com.example.android.apis.app.LoaderCustom
ADDED from src\main\AndroidManifest.xml:527:9-535:20
	android:enabled
		ADDED from src\main\AndroidManifest.xml:529:13-53
	android:label
		ADDED from src\main\AndroidManifest.xml:530:13-50
	android:name
		ADDED from src\main\AndroidManifest.xml:528:13-45
activity#com.example.android.apis.app.LoaderThrottle
ADDED from src\main\AndroidManifest.xml:538:9-546:20
	android:enabled
		ADDED from src\main\AndroidManifest.xml:540:13-53
	android:label
		ADDED from src\main\AndroidManifest.xml:541:13-52
	android:name
		ADDED from src\main\AndroidManifest.xml:539:13-47
provider#com.example.android.apis.app.LoaderThrottle$SimpleProvider
ADDED from src\main\AndroidManifest.xml:548:9-551:55
	android:authorities
		ADDED from src\main\AndroidManifest.xml:550:13-78
	android:enabled
		ADDED from src\main\AndroidManifest.xml:551:13-53
	android:name
		ADDED from src\main\AndroidManifest.xml:549:13-62
activity#com.example.android.apis.app.LoaderRetained
ADDED from src\main\AndroidManifest.xml:554:9-562:20
	android:enabled
		ADDED from src\main\AndroidManifest.xml:556:13-53
	android:label
		ADDED from src\main\AndroidManifest.xml:557:13-52
	android:name
		ADDED from src\main\AndroidManifest.xml:555:13-47
activity#com.example.android.apis.app.Intents
ADDED from src\main\AndroidManifest.xml:566:9-573:20
	android:label
		ADDED from src\main\AndroidManifest.xml:568:13-53
	android:name
		ADDED from src\main\AndroidManifest.xml:567:13-40
activity#com.example.android.apis.app.IntentActivityFlags
ADDED from src\main\AndroidManifest.xml:575:9-582:20
	android:label
		ADDED from src\main\AndroidManifest.xml:577:13-67
	android:name
		ADDED from src\main\AndroidManifest.xml:576:13-52
service#com.example.android.apis.app.LocalService
ADDED from src\main\AndroidManifest.xml:586:9-588:42
	android:stopWithTask
		ADDED from src\main\AndroidManifest.xml:588:13-40
	android:name
		ADDED from src\main\AndroidManifest.xml:587:13-45
activity#com.example.android.apis.app.LocalServiceActivities$Controller
ADDED from src\main\AndroidManifest.xml:590:9-598:20
	android:label
		ADDED from src\main\AndroidManifest.xml:592:13-70
	android:launchMode
		ADDED from src\main\AndroidManifest.xml:593:13-43
	android:name
		ADDED from src\main\AndroidManifest.xml:591:13-66
activity#com.example.android.apis.app.LocalServiceActivities$Binding
ADDED from src\main\AndroidManifest.xml:600:9-607:20
	android:label
		ADDED from src\main\AndroidManifest.xml:602:13-67
	android:name
		ADDED from src\main\AndroidManifest.xml:601:13-63
service#com.example.android.apis.app.MessengerService
ADDED from src\main\AndroidManifest.xml:610:9-612:40
	android:process
		ADDED from src\main\AndroidManifest.xml:612:13-38
	android:name
		ADDED from src\main\AndroidManifest.xml:611:13-49
activity#com.example.android.apis.app.MessengerServiceActivities$Binding
ADDED from src\main\AndroidManifest.xml:615:9-622:20
	android:label
		ADDED from src\main\AndroidManifest.xml:617:13-71
	android:name
		ADDED from src\main\AndroidManifest.xml:616:13-67
service#com.example.android.apis.app.RemoteService
ADDED from src\main\AndroidManifest.xml:624:9-636:19
	android:process
		ADDED from src\main\AndroidManifest.xml:626:13-38
	android:name
		ADDED from src\main\AndroidManifest.xml:625:13-46
intent-filter#com.example.android.apis.app.IRemoteService+com.example.android.apis.app.ISecondary+com.example.android.apis.app.REMOTE_SERVICE
ADDED from src\main\AndroidManifest.xml:627:13-635:29
action#com.example.android.apis.app.IRemoteService
ADDED from src\main\AndroidManifest.xml:630:17-85
	android:name
		ADDED from src\main\AndroidManifest.xml:630:25-83
action#com.example.android.apis.app.ISecondary
ADDED from src\main\AndroidManifest.xml:631:17-81
	android:name
		ADDED from src\main\AndroidManifest.xml:631:25-79
action#com.example.android.apis.app.REMOTE_SERVICE
ADDED from src\main\AndroidManifest.xml:634:17-85
	android:name
		ADDED from src\main\AndroidManifest.xml:634:25-83
activity#com.example.android.apis.app.RemoteService$Controller
ADDED from src\main\AndroidManifest.xml:638:9-646:20
	android:label
		ADDED from src\main\AndroidManifest.xml:640:13-71
	android:launchMode
		ADDED from src\main\AndroidManifest.xml:641:13-43
	android:name
		ADDED from src\main\AndroidManifest.xml:639:13-57
activity#com.example.android.apis.app.RemoteService$Binding
ADDED from src\main\AndroidManifest.xml:648:9-655:20
	android:label
		ADDED from src\main\AndroidManifest.xml:650:13-68
	android:name
		ADDED from src\main\AndroidManifest.xml:649:13-54
activity#com.example.android.apis.app.RemoteService$BindingOptions
ADDED from src\main\AndroidManifest.xml:657:9-664:20
	android:label
		ADDED from src\main\AndroidManifest.xml:659:13-76
	android:name
		ADDED from src\main\AndroidManifest.xml:658:13-61
service#com.example.android.apis.app.ServiceStartArguments
ADDED from src\main\AndroidManifest.xml:666:9-61
	android:name
		ADDED from src\main\AndroidManifest.xml:666:18-59
activity#com.example.android.apis.app.ServiceStartArguments$Controller
ADDED from src\main\AndroidManifest.xml:668:9-676:20
	android:label
		ADDED from src\main\AndroidManifest.xml:670:13-80
	android:launchMode
		ADDED from src\main\AndroidManifest.xml:671:13-43
	android:name
		ADDED from src\main\AndroidManifest.xml:669:13-65
service#com.example.android.apis.app.ForegroundService
ADDED from src\main\AndroidManifest.xml:678:9-57
	android:name
		ADDED from src\main\AndroidManifest.xml:678:18-55
activity#com.example.android.apis.app.ForegroundService$Controller
ADDED from src\main\AndroidManifest.xml:680:9-688:20
	android:label
		ADDED from src\main\AndroidManifest.xml:682:13-75
	android:launchMode
		ADDED from src\main\AndroidManifest.xml:683:13-43
	android:name
		ADDED from src\main\AndroidManifest.xml:681:13-61
activity#com.example.android.apis.app.IsolatedService$Controller
ADDED from src\main\AndroidManifest.xml:690:9-699:20
	android:enabled
		ADDED from src\main\AndroidManifest.xml:692:13-53
	android:label
		ADDED from src\main\AndroidManifest.xml:693:13-73
	android:launchMode
		ADDED from src\main\AndroidManifest.xml:694:13-43
	android:name
		ADDED from src\main\AndroidManifest.xml:691:13-59
service#com.example.android.apis.app.IsolatedService
ADDED from src\main\AndroidManifest.xml:701:9-704:45
	android:enabled
		ADDED from src\main\AndroidManifest.xml:703:13-53
	android:isolatedProcess
		ADDED from src\main\AndroidManifest.xml:704:13-43
	android:name
		ADDED from src\main\AndroidManifest.xml:702:13-48
service#com.example.android.apis.app.IsolatedService2
ADDED from src\main\AndroidManifest.xml:705:9-708:45
	android:enabled
		ADDED from src\main\AndroidManifest.xml:707:13-53
	android:isolatedProcess
		ADDED from src\main\AndroidManifest.xml:708:13-43
	android:name
		ADDED from src\main\AndroidManifest.xml:706:13-49
receiver#com.example.android.apis.app.OneShotAlarm
ADDED from src\main\AndroidManifest.xml:712:9-714:40
	android:process
		ADDED from src\main\AndroidManifest.xml:714:13-38
	android:name
		ADDED from src\main\AndroidManifest.xml:713:13-45
receiver#com.example.android.apis.app.RepeatingAlarm
ADDED from src\main\AndroidManifest.xml:716:9-718:40
	android:process
		ADDED from src\main\AndroidManifest.xml:718:13-38
	android:name
		ADDED from src\main\AndroidManifest.xml:717:13-47
activity#com.example.android.apis.app.AlarmController
ADDED from src\main\AndroidManifest.xml:720:9-727:20
	android:label
		ADDED from src\main\AndroidManifest.xml:722:13-62
	android:name
		ADDED from src\main\AndroidManifest.xml:721:13-48
service#com.example.android.apis.app.AlarmService_Service
ADDED from src\main\AndroidManifest.xml:729:9-731:40
	android:process
		ADDED from src\main\AndroidManifest.xml:731:13-38
	android:name
		ADDED from src\main\AndroidManifest.xml:730:13-53
activity#com.example.android.apis.app.AlarmService
ADDED from src\main\AndroidManifest.xml:733:9-740:20
	android:label
		ADDED from src\main\AndroidManifest.xml:735:13-59
	android:name
		ADDED from src\main\AndroidManifest.xml:734:13-45
receiver#com.example.android.apis.app.DoNothing
ADDED from src\main\AndroidManifest.xml:744:9-747:39
	android:process
		ADDED from src\main\AndroidManifest.xml:747:13-37
	android:exported
		ADDED from src\main\AndroidManifest.xml:746:13-36
	android:name
		ADDED from src\main\AndroidManifest.xml:745:13-42
activity#com.example.android.apis.accessibility.ClockBackActivity
ADDED from src\main\AndroidManifest.xml:753:9-760:20
	android:label
		ADDED from src\main\AndroidManifest.xml:755:13-58
	android:name
		ADDED from src\main\AndroidManifest.xml:754:13-60
service#com.example.android.apis.accessibility.ClockBackService
ADDED from src\main\AndroidManifest.xml:762:9-769:19
	android:label
		ADDED from src\main\AndroidManifest.xml:764:13-64
	android:permission
		ADDED from src\main\AndroidManifest.xml:765:13-79
	android:name
		ADDED from src\main\AndroidManifest.xml:763:13-59
intent-filter#android.accessibilityservice.AccessibilityService
ADDED from src\main\AndroidManifest.xml:766:13-768:29
action#android.accessibilityservice.AccessibilityService
ADDED from src\main\AndroidManifest.xml:767:17-91
	android:name
		ADDED from src\main\AndroidManifest.xml:767:25-89
activity#com.example.android.apis.accessibility.TaskListActivity
ADDED from src\main\AndroidManifest.xml:771:9-779:20
	android:enabled
		ADDED from src\main\AndroidManifest.xml:773:13-60
	android:label
		ADDED from src\main\AndroidManifest.xml:774:13-63
	android:name
		ADDED from src\main\AndroidManifest.xml:772:13-59
service#com.example.android.apis.accessibility.TaskBackService
ADDED from src\main\AndroidManifest.xml:781:9-792:19
	android:enabled
		ADDED from src\main\AndroidManifest.xml:783:13-60
	android:label
		ADDED from src\main\AndroidManifest.xml:784:13-69
	android:permission
		ADDED from src\main\AndroidManifest.xml:785:13-79
	android:name
		ADDED from src\main\AndroidManifest.xml:782:13-58
meta-data#android.accessibilityservice
ADDED from src\main\AndroidManifest.xml:789:13-791:57
	android:resource
		ADDED from src\main\AndroidManifest.xml:791:17-55
	android:name
		ADDED from src\main\AndroidManifest.xml:790:17-60
activity#com.example.android.apis.accessibility.CustomViewAccessibilityActivity
ADDED from src\main\AndroidManifest.xml:794:9-802:20
	android:enabled
		ADDED from src\main\AndroidManifest.xml:796:13-60
	android:label
		ADDED from src\main\AndroidManifest.xml:797:13-62
	android:name
		ADDED from src\main\AndroidManifest.xml:795:13-74
activity#com.example.android.apis.app.LocalSample
ADDED from src\main\AndroidManifest.xml:806:9-813:20
	android:label
		ADDED from src\main\AndroidManifest.xml:808:13-58
	android:name
		ADDED from src\main\AndroidManifest.xml:807:13-44
intent-filter#android.intent.action.MAIN
ADDED from src\main\AndroidManifest.xml:809:13-812:29
activity#com.example.android.apis.app.ContactsFilter
ADDED from src\main\AndroidManifest.xml:815:9-822:20
	android:label
		ADDED from src\main\AndroidManifest.xml:817:13-61
	android:name
		ADDED from src\main\AndroidManifest.xml:816:13-47